[debug] [2025-08-21T09:49:20.607Z] ----------------------------------------------------------------------
[debug] [2025-08-21T09:49:20.611Z] Command:       C:\Program Files\nodejs\node.exe C:\Users\malai\AppData\Roaming\npm\node_modules\firebase-tools\lib\bin\firebase.js deploy
[debug] [2025-08-21T09:49:20.612Z] CLI Version:   14.12.1
[debug] [2025-08-21T09:49:20.612Z] Platform:      win32
[debug] [2025-08-21T09:49:20.612Z] Node Version:  v22.12.0
[debug] [2025-08-21T09:49:20.613Z] Time:          Thu Aug 21 2025 15:19:20 GMT+0530 (India Standard Time)
[debug] [2025-08-21T09:49:20.613Z] ----------------------------------------------------------------------
[debug] 
[debug] [2025-08-21T09:49:20.616Z] >>> [apiv2][query] GET https://firebase-public.firebaseio.com/cli.json [none]
[debug] [2025-08-21T09:49:21.021Z] > command requires scopes: ["email","openid","https://www.googleapis.com/auth/cloudplatformprojects.readonly","https://www.googleapis.com/auth/firebase","https://www.googleapis.com/auth/cloud-platform"]
[debug] [2025-08-21T09:49:21.022Z] > authorizing via signed-in user (71762332020@cit.edu.in)
[debug] [2025-08-21T09:49:21.022Z] [iam] checking project car-pooling-7cabf for permissions ["datastore.indexes.create","datastore.indexes.delete","datastore.indexes.list","datastore.indexes.update","firebase.projects.get"]
[debug] [2025-08-21T09:49:21.023Z] Checked if tokens are valid: false, expires at: 1755504394476
[debug] [2025-08-21T09:49:21.023Z] Checked if tokens are valid: false, expires at: 1755504394476
[debug] [2025-08-21T09:49:21.023Z] > refreshing access token with scopes: []
[debug] [2025-08-21T09:49:21.024Z] >>> [apiv2][query] POST https://www.googleapis.com/oauth2/v3/token [none]
[debug] [2025-08-21T09:49:21.024Z] >>> [apiv2][body] POST https://www.googleapis.com/oauth2/v3/token [omitted]
[debug] [2025-08-21T09:49:21.342Z] <<< [apiv2][status] POST https://www.googleapis.com/oauth2/v3/token 200
[debug] [2025-08-21T09:49:21.342Z] <<< [apiv2][body] POST https://www.googleapis.com/oauth2/v3/token [omitted]
[debug] [2025-08-21T09:49:21.370Z] >>> [apiv2][query] POST https://cloudresourcemanager.googleapis.com/v1/projects/car-pooling-7cabf:testIamPermissions [none]
[debug] [2025-08-21T09:49:21.370Z] >>> [apiv2][(partial)header] POST https://cloudresourcemanager.googleapis.com/v1/projects/car-pooling-7cabf:testIamPermissions x-goog-quota-user=projects/car-pooling-7cabf
[debug] [2025-08-21T09:49:21.370Z] >>> [apiv2][body] POST https://cloudresourcemanager.googleapis.com/v1/projects/car-pooling-7cabf:testIamPermissions {"permissions":["datastore.indexes.create","datastore.indexes.delete","datastore.indexes.list","datastore.indexes.update","firebase.projects.get"]}
[debug] [2025-08-21T09:49:21.648Z] <<< [apiv2][status] GET https://firebase-public.firebaseio.com/cli.json 200
[debug] [2025-08-21T09:49:21.648Z] <<< [apiv2][body] GET https://firebase-public.firebaseio.com/cli.json {"cloudBuildErrorAfter":1594252800000,"cloudBuildWarnAfter":1590019200000,"defaultNode10After":1594252800000,"minVersion":"3.0.5","node8DeploysDisabledAfter":1613390400000,"node8RuntimeDisabledAfter":1615809600000,"node8WarnAfter":1600128000000}
